1614755442888	geckodriver	INFO	Listening on 127.0.0.1:51534
1614755445583	mozrunner::runner	INFO	Running command: "C:\\Program Files (x86)\\Mozilla Firefox\\firefox.exe" "--marionette" "-foreground" "-no-remote" "-profile" "C:\\Users\\Hp2\\AppData\\Local\\Temp\\rust_mozprofilefJ7HYK"
1614756979082	geckodriver	INFO	Listening on 127.0.0.1:54406
1614756981879	mozrunner::runner	INFO	Running command: "C:\\Program Files (x86)\\Mozilla Firefox\\firefox.exe" "--marionette" "-foreground" "-no-remote" "-profile" "C:\\Users\\Hp2\\AppData\\Local\\Temp\\rust_mozprofile52j2Jz"
console.warn: SearchSettings: "get: No settings file exists, new profile?" (new Error("", "(unknown module)"))
console.error: Region.jsm: "Error fetching region" (new Error("TIMEOUT", "resource://gre/modules/Region.jsm", 772))
console.error: Region.jsm: "Failed to fetch region" (new Error("TIMEOUT", "resource://gre/modules/Region.jsm", 419))
1614757005898	Marionette	INFO	Listening on port 54420
1614757006339	Marionette	WARN	TLS certificate errors will be ignored for this session
1614757011837	Marionette	WARN	TimedPromise timed out after 5000 ms: stacktrace:
TimedPromise/<@chrome://marionette/content/sync.js:231:19
TimedPromise@chrome://marionette/content/sync.js:216:10
GeckoDriver.prototype.minimizeWindow@chrome://marionette/content/driver.js:2541:11
1614757044441	Marionette	INFO	Stopped listening on port 54420
JavaScript error: resource://gre/modules/CrashManager.jsm, line 833: NotAllowedError: Shutting down and refusing additional I/O tasks

###!!! [Child][RunMessage] Error: Channel closing: too late to send/recv, messages will be lost

1614757072845	geckodriver	INFO	Listening on 127.0.0.1:54710
1614757075732	mozrunner::runner	INFO	Running command: "C:\\Program Files (x86)\\Mozilla Firefox\\firefox.exe" "--marionette" "-foreground" "-no-remote" "-profile" "C:\\Users\\Hp2\\AppData\\Local\\Temp\\rust_mozprofileIAaqJF"
console.warn: SearchSettings: "get: No settings file exists, new profile?" (new Error("", "(unknown module)"))
1614757083718	Marionette	INFO	Listening on port 54723
1614757084130	Marionette	WARN	TLS certificate errors will be ignored for this session
1614757089167	Marionette	WARN	TimedPromise timed out after 5000 ms: stacktrace:
TimedPromise/<@chrome://marionette/content/sync.js:231:19
TimedPromise@chrome://marionette/content/sync.js:216:10
GeckoDriver.prototype.minimizeWindow@chrome://marionette/content/driver.js:2541:11
1614757116948	Marionette	INFO	Stopped listening on port 54723
JavaScript error: resource://gre/modules/UrlClassifierListManager.jsm, line 691: TypeError: this.tablesData[table] is undefined

###!!! [Child][RunMessage] Error: Channel closing: too late to send/recv, messages will be lost

1614761722457	geckodriver	INFO	Listening on 127.0.0.1:62763
1614761725149	mozrunner::runner	INFO	Running command: "C:\\Program Files (x86)\\Mozilla Firefox\\firefox.exe" "--marionette" "-foreground" "-no-remote" "-profile" "C:\\Users\\Hp2\\AppData\\Local\\Temp\\rust_mozprofilepbVpsC"
console.error: Region.jsm: "Error fetching region" (new Error("TIMEOUT", "resource://gre/modules/Region.jsm", 772))
console.error: Region.jsm: "Failed to fetch region" (new Error("TIMEOUT", "resource://gre/modules/Region.jsm", 419))
console.warn: SearchSettings: "get: No settings file exists, new profile?" (new Error("", "(unknown module)"))
1614761809349	Marionette	INFO	Listening on port 62781
JavaScript error: resource://gre/modules/psm/RemoteSecuritySettings.jsm, line 789: NS_ERROR_ILLEGAL_VALUE: Component returned failure code: 0x80070057 (NS_ERROR_ILLEGAL_VALUE) [nsIXPCComponents_Utils.reportError]

###!!! [Child][RunMessage] Error: Channel closing: too late to send/recv, messages will be lost


###!!! [Child][RunMessage] Error: Channel closing: too late to send/recv, messages will be lost


###!!! [Child][RunMessage] Error: Channel closing: too late to send/recv, messages will be lost

1614761999555	Marionette	INFO	Stopped listening on port 62781

###!!! [Child][RunMessage] Error: Channel closing: too late to send/recv, messages will be lost

